  StopWatch.cpp
C:\Users\Cong Hao\Documents\API\StopWatch\StopWatch\StopWatch.cpp(132,35): warning C4244: 'argument': conversion from 'double' to 'UINT', possible loss of data
C:\Program Files\Microsoft Visual Studio\2022\Community\VC\Tools\MSVC\14.34.31933\include\xstring(2857,53): warning C4244: 'argument': conversion from 'TCHAR' to 'const _Elem', possible loss of data
          with
          [
              _Elem=char
          ]
C:\Program Files\Microsoft Visual Studio\2022\Community\VC\Tools\MSVC\14.34.31933\include\xstring(2718,1): message : see reference to function template instantiation 'void std::basic_string<char,std::char_traits<char>,std::allocator<char>>::_Construct_from_iter<TCHAR*,TCHAR*,_Size_type>(_Iter,const _Sent,_Size)' being compiled
          with
          [
              _Size_type=unsigned __int64,
              _Iter=TCHAR *,
              _Sent=TCHAR *,
              _Size=unsigned __int64
          ]
C:\Program Files\Microsoft Visual Studio\2022\Community\VC\Tools\MSVC\14.34.31933\include\xstring(2718,37): message : see reference to function template instantiation 'void std::basic_string<char,std::char_traits<char>,std::allocator<char>>::_Construct_from_iter<TCHAR*,TCHAR*,_Size_type>(_Iter,const _Sent,_Size)' being compiled
          with
          [
              _Size_type=unsigned __int64,
              _Iter=TCHAR *,
              _Sent=TCHAR *,
              _Size=unsigned __int64
          ]
C:\Users\Cong Hao\Documents\API\StopWatch\StopWatch\StopWatch.cpp(185,13): message : see reference to function template instantiation 'std::basic_string<char,std::char_traits<char>,std::allocator<char>>::basic_string<TCHAR*,0>(_Iter,_Iter,const _Alloc &)' being compiled
          with
          [
              _Iter=TCHAR *,
              _Alloc=std::allocator<char>
          ]
C:\Users\Cong Hao\Documents\API\StopWatch\StopWatch\StopWatch.cpp(185,22): message : see reference to function template instantiation 'std::basic_string<char,std::char_traits<char>,std::allocator<char>>::basic_string<TCHAR*,0>(_Iter,_Iter,const _Alloc &)' being compiled
          with
          [
              _Iter=TCHAR *,
              _Alloc=std::allocator<char>
          ]
  StopWatch.vcxproj -> C:\Users\Cong Hao\Documents\API\StopWatch\x64\Debug\StopWatch.exe
